{"date":"06/10/2020_16:01:11","record":{"agent":"bootstrap","info":"jade.MicroBooot ERROR CREATING AGENT 77148657x jade.security.JADESecurityException: Name-clash Agent 77148657x@ISG2 already present in the platform "}}
{"date":"06/10/2020_16:01:42","record":{"agent":"77148657x","info":"\nHACKATHON AND EXAM PROTOCOL\n"}}
{"date":"06/10/2020_16:01:42","record":{"agent":"77148657x","info":"Trying to checkin in the platform"}}
{"date":"06/10/2020_16:01:42","record":{"agent":"77148657x","info":"Requesting checkin to AgentIdentityManager"}}
{"date":"06/10/2020_16:01:42","record":{"agent":"77148657x","info":"Chekin confirmed in the platform"}}
{"date":"06/10/2020_16:01:42","record":{"agent":"77148657x","info":"Trying to register in LARVA"}}
{"date":"06/10/2020_16:01:42","record":{"agent":"77148657x","info":"Found  PLAY Songoanda"}}
{"date":"06/10/2020_16:01:42","record":{"agent":"77148657x","info":"Retrieving the name of the corresponding LARVA agent for service <PLAY Songoanda>"}}
{"date":"06/10/2020_16:01:42","record":{"agent":"77148657x","info":"LARVA Agent Songoanda found. Requesting registration"}}
{"date":"06/10/2020_16:01:43","record":{"agent":"77148657x","info":"\u001b[38;2;0;0;255mSuccesfully registered in LARVA"}}
{"date":"06/10/2020_16:01:43","record":{"agent":"77148657x","info":"Load configuration"}}
{"date":"06/10/2020_16:01:43","record":{"agent":"77148657x","info":"Found CardID"}}
{"date":"06/10/2020_16:01:43","record":{"agent":"77148657x","info":"CardID: gjpkMfgZf4kCjFxq which belongs to SAMUEL BURGUEÑO FUENTES"}}
{"date":"06/10/2020_16:01:43","record":{"agent":"77148657x","info":"Single behaviour agent. Adding plainBehaviour."}}
{"date":"06/10/2020_16:01:43","record":{"agent":"77148657x","info":"Configure agent"}}
{"date":"06/10/2020_16:01:43","record":{"agent":"77148657x","info":"Behaviour REGULAR starts"}}
{"date":"06/10/2020_16:01:43","record":{"agent":"77148657x","info":"Hablando con Songoanda"}}
{"date":"06/10/2020_16:01:43","record":{"agent":"77148657x","info":"acl_send_REGULAR","value":{"performative":"NOT-UNDERSTOOD","sender":"77148657x","receiver":"Songoanda","protocol":"","encoding":"","conversation":"","in-reply-to":"","reply-with":"","content":"Hello"}}}
{"date":"06/10/2020_16:01:44","record":{"agent":"77148657x","info":"Songoanda dice: JU69LhHV"}}
{"date":"06/10/2020_16:01:44","record":{"agent":"77148657x","info":"acl_send_REGULAR","value":{"performative":"INFORM","sender":"","receiver":"Songoanda","protocol":"REGULAR","encoding":"","conversation":"","in-reply-to":"JU69LhHV","reply-with":"Songoanda@ISG21601992904276","content":"VHhL96UJ"}}}
{"date":"06/10/2020_16:01:44","record":{"agent":"77148657x","info":"Execute body"}}
{"date":"06/10/2020_16:01:44","record":{"agent":"77148657x","info":"Single shutting down"}}
{"date":"06/10/2020_16:01:44","record":{"agent":"77148657x","info":"Take down"}}
{"date":"06/10/2020_16:01:44","record":{"agent":"77148657x","info":"Waiting 5000 msecs for the agent to die "}}
{"date":"06/10/2020_16:01:49","record":{"agent":"77148657x","info":"Requesting unregistration in LARVA"}}
{"date":"06/10/2020_16:01:49","record":{"agent":"77148657x","info":"Succesfully unregistered in LARVA"}}
{"date":"06/10/2020_16:01:53","record":{"agent":"77148657x","info":"Trying to checkout from the platform"}}
{"date":"06/10/2020_16:01:53","record":{"agent":"77148657x","info":"Checked-out from the platform"}}
{"date":"06/10/2020_16:03:03","record":{"agent":"77148657x","info":"\nHACKATHON AND EXAM PROTOCOL\n"}}
{"date":"06/10/2020_16:03:03","record":{"agent":"77148657x","info":"Trying to checkin in the platform"}}
{"date":"06/10/2020_16:03:03","record":{"agent":"77148657x","info":"Requesting checkin to AgentIdentityManager"}}
{"date":"06/10/2020_16:03:03","record":{"agent":"77148657x","info":"Chekin confirmed in the platform"}}
{"date":"06/10/2020_16:03:03","record":{"agent":"77148657x","info":"Trying to register in LARVA"}}
{"date":"06/10/2020_16:03:03","record":{"agent":"77148657x","info":"Found  PLAY Goku"}}
{"date":"06/10/2020_16:03:03","record":{"agent":"77148657x","info":"Retrieving the name of the corresponding LARVA agent for service <PLAY Goku>"}}
{"date":"06/10/2020_16:03:03","record":{"agent":"77148657x","info":"LARVA Agent Goku found. Requesting registration"}}
{"date":"06/10/2020_16:03:03","record":{"agent":"77148657x","info":"\u001b[38;2;0;0;255mSuccesfully registered in LARVA"}}
{"date":"06/10/2020_16:03:03","record":{"agent":"77148657x","info":"Load configuration"}}
{"date":"06/10/2020_16:03:03","record":{"agent":"77148657x","info":"Found CardID"}}
{"date":"06/10/2020_16:03:03","record":{"agent":"77148657x","info":"CardID: gjpkMfgZf4kCjFxq which belongs to SAMUEL BURGUEÑO FUENTES"}}
{"date":"06/10/2020_16:03:03","record":{"agent":"77148657x","info":"Single behaviour agent. Adding plainBehaviour."}}
{"date":"06/10/2020_16:03:03","record":{"agent":"77148657x","info":"Configure agent"}}
{"date":"06/10/2020_16:03:03","record":{"agent":"77148657x","info":"Behaviour REGULAR starts"}}
{"date":"06/10/2020_16:03:03","record":{"agent":"77148657x","info":"Hablando con Songoanda"}}
{"date":"06/10/2020_16:03:03","record":{"agent":"77148657x","info":"Execute body"}}
{"date":"06/10/2020_16:03:03","record":{"agent":"77148657x","info":"Single shutting down"}}
{"date":"06/10/2020_16:03:03","record":{"agent":"77148657x","info":"Take down"}}
{"date":"06/10/2020_16:03:03","record":{"agent":"77148657x","info":"Waiting 5000 msecs for the agent to die "}}
{"date":"06/10/2020_16:03:09","record":{"agent":"77148657x","info":"Requesting unregistration in LARVA"}}
{"date":"06/10/2020_16:03:09","record":{"agent":"77148657x","info":"Succesfully unregistered in LARVA"}}
{"date":"06/10/2020_16:03:13","record":{"agent":"77148657x","info":"Trying to checkout from the platform"}}
{"date":"06/10/2020_16:03:13","record":{"agent":"77148657x","info":"Checked-out from the platform"}}
